Assembler report for lab6_b
Mon Nov 09 11:31:33 2015
Quartus II 64-Bit Version 15.0.2 Build 153 07/15/2015 SJ Web Edition


---------------------
; Table of Contents ;
---------------------
  1. Legal Notice
  2. Assembler Summary
  3. Assembler Settings
  4. Assembler Generated Files
  5. Assembler Device Options: C:/Users/Tara/Documents/GitHub/WIPs/Digital Design/digital designnnn/Lab6_b/lab6_b.sof
  6. Assembler Messages



----------------
; Legal Notice ;
----------------
Copyright (C) 1991-2015 Altera Corporation. All rights reserved.
Your use of Altera Corporation's design tools, logic functions 
and other software and tools, and its AMPP partner logic 
functions, and any output files from any of the foregoing 
(including device programming or simulation files), and any 
associated documentation or information are expressly subject 
to the terms and conditions of the Altera Program License 
Subscription Agreement, the Altera Quartus II License Agreement,
the Altera MegaCore Function License Agreement, or other 
applicable license agreement, including, without limitation, 
that your use is for the sole purpose of programming logic 
devices manufactured by Altera and sold by Altera or its 
authorized distributors.  Please refer to the applicable 
agreement for further details.



+---------------------------------------------------------------+
; Assembler Summary                                             ;
+-----------------------+---------------------------------------+
; Assembler Status      ; Successful - Mon Nov 09 11:31:33 2015 ;
; Revision Name         ; lab6_b                                ;
; Top-level Entity Name ; lab6_b                                ;
; Family                ; Cyclone V                             ;
; Device                ; 5CGXFC7C7F23C8                        ;
+-----------------------+---------------------------------------+


+----------------------------------+
; Assembler Settings               ;
+--------+---------+---------------+
; Option ; Setting ; Default Value ;
+--------+---------+---------------+


+----------------------------------------------------------------------------------------+
; Assembler Generated Files                                                              ;
+----------------------------------------------------------------------------------------+
; File Name                                                                              ;
+----------------------------------------------------------------------------------------+
; C:/Users/Tara/Documents/GitHub/WIPs/Digital Design/digital designnnn/Lab6_b/lab6_b.sof ;
+----------------------------------------------------------------------------------------+


+------------------------------------------------------------------------------------------------------------------+
; Assembler Device Options: C:/Users/Tara/Documents/GitHub/WIPs/Digital Design/digital designnnn/Lab6_b/lab6_b.sof ;
+----------------+-------------------------------------------------------------------------------------------------+
; Option         ; Setting                                                                                         ;
+----------------+-------------------------------------------------------------------------------------------------+
; Device         ; 5CGXFC7C7F23C8                                                                                  ;
; JTAG usercode  ; 0x00EC68C5                                                                                      ;
; Checksum       ; 0x00EC68C5                                                                                      ;
+----------------+-------------------------------------------------------------------------------------------------+


+--------------------+
; Assembler Messages ;
+--------------------+
Info: *******************************************************************
Info: Running Quartus II 64-Bit Assembler
    Info: Version 15.0.2 Build 153 07/15/2015 SJ Web Edition
    Info: Processing started: Mon Nov 09 11:31:05 2015
Info: Command: quartus_asm --read_settings_files=off --write_settings_files=off lab6_b -c lab6_b
Info (115030): Assembler is generating device programming files
Info: Quartus II 64-Bit Assembler was successful. 0 errors, 0 warnings
    Info: Peak virtual memory: 730 megabytes
    Info: Processing ended: Mon Nov 09 11:31:33 2015
    Info: Elapsed time: 00:00:28
    Info: Total CPU time (on all processors): 00:00:28


