Analysis & Synthesis report for Lab5
Wed Oct 28 09:17:53 2015
Quartus II 64-Bit Version 15.0.2 Build 153 07/15/2015 SJ Web Edition


---------------------
; Table of Contents ;
---------------------
  1. Legal Notice
  2. Analysis & Synthesis Summary
  3. Analysis & Synthesis Settings
  4. Parallel Compilation
  5. Analysis & Synthesis Source Files Read
  6. Analysis & Synthesis Resource Usage Summary
  7. Analysis & Synthesis Resource Utilization by Entity
  8. General Register Statistics
  9. Parameter Settings for User Entity Instance: my_megafunction:inst|lpm_add_sub:lpm_add_sub_component
 10. Post-Synthesis Netlist Statistics for Top Partition
 11. Elapsed Time Per Partition
 12. Analysis & Synthesis Messages



----------------
; Legal Notice ;
----------------
Copyright (C) 1991-2015 Altera Corporation. All rights reserved.
Your use of Altera Corporation's design tools, logic functions 
and other software and tools, and its AMPP partner logic 
functions, and any output files from any of the foregoing 
(including device programming or simulation files), and any 
associated documentation or information are expressly subject 
to the terms and conditions of the Altera Program License 
Subscription Agreement, the Altera Quartus II License Agreement,
the Altera MegaCore Function License Agreement, or other 
applicable license agreement, including, without limitation, 
that your use is for the sole purpose of programming logic 
devices manufactured by Altera and sold by Altera or its 
authorized distributors.  Please refer to the applicable 
agreement for further details.



+------------------------------------------------------------------------------+
; Analysis & Synthesis Summary                                                 ;
+---------------------------------+--------------------------------------------+
; Analysis & Synthesis Status     ; Successful - Wed Oct 28 09:17:53 2015      ;
; Quartus II 64-Bit Version       ; 15.0.2 Build 153 07/15/2015 SJ Web Edition ;
; Revision Name                   ; Lab5                                       ;
; Top-level Entity Name           ; Lab5                                       ;
; Family                          ; Cyclone V                                  ;
; Logic utilization (in ALMs)     ; N/A                                        ;
; Total registers                 ; 0                                          ;
; Total pins                      ; 25                                         ;
; Total virtual pins              ; 0                                          ;
; Total block memory bits         ; 0                                          ;
; Total DSP Blocks                ; 0                                          ;
; Total HSSI RX PCSs              ; 0                                          ;
; Total HSSI PMA RX Deserializers ; 0                                          ;
; Total HSSI TX PCSs              ; 0                                          ;
; Total HSSI PMA TX Serializers   ; 0                                          ;
; Total PLLs                      ; 0                                          ;
; Total DLLs                      ; 0                                          ;
+---------------------------------+--------------------------------------------+


+---------------------------------------------------------------------------------------------------------------------------+
; Analysis & Synthesis Settings                                                                                             ;
+---------------------------------------------------------------------------------+--------------------+--------------------+
; Option                                                                          ; Setting            ; Default Value      ;
+---------------------------------------------------------------------------------+--------------------+--------------------+
; Device                                                                          ; 5CGXFC7C7F23C8     ;                    ;
; Top-level entity name                                                           ; Lab5               ; Lab5               ;
; Family name                                                                     ; Cyclone V          ; Cyclone IV GX      ;
; Use smart compilation                                                           ; Off                ; Off                ;
; Enable parallel Assembler and TimeQuest Timing Analyzer during compilation      ; On                 ; On                 ;
; Enable compact report table                                                     ; Off                ; Off                ;
; Restructure Multiplexers                                                        ; Auto               ; Auto               ;
; MLAB Add Timing Constraints For Mixed-Port Feed-Through Mode Setting Don't Care ; Off                ; Off                ;
; Create Debugging Nodes for IP Cores                                             ; Off                ; Off                ;
; Preserve fewer node names                                                       ; On                 ; On                 ;
; Disable OpenCore Plus hardware evaluation                                       ; Off                ; Off                ;
; Verilog Version                                                                 ; Verilog_2001       ; Verilog_2001       ;
; VHDL Version                                                                    ; VHDL_1993          ; VHDL_1993          ;
; State Machine Processing                                                        ; Auto               ; Auto               ;
; Safe State Machine                                                              ; Off                ; Off                ;
; Extract Verilog State Machines                                                  ; On                 ; On                 ;
; Extract VHDL State Machines                                                     ; On                 ; On                 ;
; Ignore Verilog initial constructs                                               ; Off                ; Off                ;
; Iteration limit for constant Verilog loops                                      ; 5000               ; 5000               ;
; Iteration limit for non-constant Verilog loops                                  ; 250                ; 250                ;
; Add Pass-Through Logic to Inferred RAMs                                         ; On                 ; On                 ;
; Infer RAMs from Raw Logic                                                       ; On                 ; On                 ;
; Parallel Synthesis                                                              ; On                 ; On                 ;
; DSP Block Balancing                                                             ; Auto               ; Auto               ;
; NOT Gate Push-Back                                                              ; On                 ; On                 ;
; Power-Up Don't Care                                                             ; On                 ; On                 ;
; Remove Redundant Logic Cells                                                    ; Off                ; Off                ;
; Remove Duplicate Registers                                                      ; On                 ; On                 ;
; Ignore CARRY Buffers                                                            ; Off                ; Off                ;
; Ignore CASCADE Buffers                                                          ; Off                ; Off                ;
; Ignore GLOBAL Buffers                                                           ; Off                ; Off                ;
; Ignore ROW GLOBAL Buffers                                                       ; Off                ; Off                ;
; Ignore LCELL Buffers                                                            ; Off                ; Off                ;
; Ignore SOFT Buffers                                                             ; On                 ; On                 ;
; Limit AHDL Integers to 32 Bits                                                  ; Off                ; Off                ;
; Optimization Technique                                                          ; Balanced           ; Balanced           ;
; Carry Chain Length                                                              ; 70                 ; 70                 ;
; Auto Carry Chains                                                               ; On                 ; On                 ;
; Auto Open-Drain Pins                                                            ; On                 ; On                 ;
; Perform WYSIWYG Primitive Resynthesis                                           ; Off                ; Off                ;
; Auto ROM Replacement                                                            ; On                 ; On                 ;
; Auto RAM Replacement                                                            ; On                 ; On                 ;
; Auto DSP Block Replacement                                                      ; On                 ; On                 ;
; Auto Shift Register Replacement                                                 ; Auto               ; Auto               ;
; Allow Shift Register Merging across Hierarchies                                 ; Auto               ; Auto               ;
; Auto Clock Enable Replacement                                                   ; On                 ; On                 ;
; Strict RAM Replacement                                                          ; Off                ; Off                ;
; Allow Synchronous Control Signals                                               ; On                 ; On                 ;
; Force Use of Synchronous Clear Signals                                          ; Off                ; Off                ;
; Auto Resource Sharing                                                           ; Off                ; Off                ;
; Allow Any RAM Size For Recognition                                              ; Off                ; Off                ;
; Allow Any ROM Size For Recognition                                              ; Off                ; Off                ;
; Allow Any Shift Register Size For Recognition                                   ; Off                ; Off                ;
; Use LogicLock Constraints during Resource Balancing                             ; On                 ; On                 ;
; Ignore translate_off and synthesis_off directives                               ; Off                ; Off                ;
; Timing-Driven Synthesis                                                         ; On                 ; On                 ;
; Report Parameter Settings                                                       ; On                 ; On                 ;
; Report Source Assignments                                                       ; On                 ; On                 ;
; Report Connectivity Checks                                                      ; On                 ; On                 ;
; Ignore Maximum Fan-Out Assignments                                              ; Off                ; Off                ;
; Synchronization Register Chain Length                                           ; 3                  ; 3                  ;
; PowerPlay Power Optimization During Synthesis                                   ; Normal compilation ; Normal compilation ;
; HDL message level                                                               ; Level2             ; Level2             ;
; Suppress Register Optimization Related Messages                                 ; Off                ; Off                ;
; Number of Removed Registers Reported in Synthesis Report                        ; 5000               ; 5000               ;
; Number of Swept Nodes Reported in Synthesis Report                              ; 5000               ; 5000               ;
; Number of Inverted Registers Reported in Synthesis Report                       ; 100                ; 100                ;
; Clock MUX Protection                                                            ; On                 ; On                 ;
; Auto Gated Clock Conversion                                                     ; Off                ; Off                ;
; Block Design Naming                                                             ; Auto               ; Auto               ;
; SDC constraint protection                                                       ; Off                ; Off                ;
; Synthesis Effort                                                                ; Auto               ; Auto               ;
; Shift Register Replacement - Allow Asynchronous Clear Signal                    ; On                 ; On                 ;
; Pre-Mapping Resynthesis Optimization                                            ; Off                ; Off                ;
; Analysis & Synthesis Message Level                                              ; Medium             ; Medium             ;
; Disable Register Merging Across Hierarchies                                     ; Auto               ; Auto               ;
; Resource Aware Inference For Block RAM                                          ; On                 ; On                 ;
; Synthesis Seed                                                                  ; 1                  ; 1                  ;
; Automatic Parallel Synthesis                                                    ; On                 ; On                 ;
; Partial Reconfiguration Bitstream ID                                            ; Off                ; Off                ;
+---------------------------------------------------------------------------------+--------------------+--------------------+


+------------------------------------------+
; Parallel Compilation                     ;
+----------------------------+-------------+
; Processors                 ; Number      ;
+----------------------------+-------------+
; Number detected on machine ; 2           ;
; Maximum allowed            ; 2           ;
;                            ;             ;
; Average used               ; 1.00        ;
; Maximum used               ; 1           ;
;                            ;             ;
; Usage by Processor         ; % Time Used ;
;     Processor 1            ; 100.0%      ;
;     Processor 2            ;   0.0%      ;
+----------------------------+-------------+


+---------------------------------------------------------------------------------------------------------------------------------------------------------------------------------------------------+
; Analysis & Synthesis Source Files Read                                                                                                                                                            ;
+----------------------------------+-----------------+------------------------------------+-----------------------------------------------------------------------------------------------+---------+
; File Name with User-Entered Path ; Used in Netlist ; File Type                          ; File Name with Absolute Path                                                                  ; Library ;
+----------------------------------+-----------------+------------------------------------+-----------------------------------------------------------------------------------------------+---------+
; my_megafunction.tdf              ; yes             ; User Wizard-Generated File         ; C:/Users/Tara/Documents/GitHub/WIPs/Digital Design/digital designnnn/Lab5/my_megafunction.tdf ;         ;
; Lab5.bdf                         ; yes             ; User Block Diagram/Schematic File  ; C:/Users/Tara/Documents/GitHub/WIPs/Digital Design/digital designnnn/Lab5/Lab5.bdf            ;         ;
; lpm_add_sub.inc                  ; yes             ; Auto-Found AHDL File               ; c:/altera/15.0/quartus/libraries/megafunctions/lpm_add_sub.inc                                ;         ;
; lpm_add_sub.tdf                  ; yes             ; Megafunction                       ; c:/altera/15.0/quartus/libraries/megafunctions/lpm_add_sub.tdf                                ;         ;
; addcore.inc                      ; yes             ; Megafunction                       ; c:/altera/15.0/quartus/libraries/megafunctions/addcore.inc                                    ;         ;
; look_add.inc                     ; yes             ; Megafunction                       ; c:/altera/15.0/quartus/libraries/megafunctions/look_add.inc                                   ;         ;
; bypassff.inc                     ; yes             ; Megafunction                       ; c:/altera/15.0/quartus/libraries/megafunctions/bypassff.inc                                   ;         ;
; altshift.inc                     ; yes             ; Megafunction                       ; c:/altera/15.0/quartus/libraries/megafunctions/altshift.inc                                   ;         ;
; alt_stratix_add_sub.inc          ; yes             ; Megafunction                       ; c:/altera/15.0/quartus/libraries/megafunctions/alt_stratix_add_sub.inc                        ;         ;
; aglobal150.inc                   ; yes             ; Megafunction                       ; c:/altera/15.0/quartus/libraries/megafunctions/aglobal150.inc                                 ;         ;
; db/add_sub_ffg.tdf               ; yes             ; Auto-Generated Megafunction        ; C:/Users/Tara/Documents/GitHub/WIPs/Digital Design/digital designnnn/Lab5/db/add_sub_ffg.tdf  ;         ;
+----------------------------------+-----------------+------------------------------------+-----------------------------------------------------------------------------------------------+---------+


+-------------------------------------------------------------+
; Analysis & Synthesis Resource Usage Summary                 ;
+---------------------------------------------+---------------+
; Resource                                    ; Usage         ;
+---------------------------------------------+---------------+
; Estimate of Logic utilization (ALMs needed) ; 5             ;
;                                             ;               ;
; Combinational ALUT usage for logic          ; 9             ;
;     -- 7 input functions                    ; 0             ;
;     -- 6 input functions                    ; 0             ;
;     -- 5 input functions                    ; 0             ;
;     -- 4 input functions                    ; 0             ;
;     -- <=3 input functions                  ; 9             ;
;                                             ;               ;
; Dedicated logic registers                   ; 0             ;
;                                             ;               ;
; I/O pins                                    ; 25            ;
;                                             ;               ;
; Total DSP Blocks                            ; 0             ;
;                                             ;               ;
; Maximum fan-out node                        ; add_sub~input ;
; Maximum fan-out                             ; 9             ;
; Total fan-out                               ; 66            ;
; Average fan-out                             ; 1.12          ;
+---------------------------------------------+---------------+


+----------------------------------------------------------------------------------------------------------------------------------------------------------------------------------------------------------------------------------------------+
; Analysis & Synthesis Resource Utilization by Entity                                                                                                                                                                                          ;
+-------------------------------------------+-------------------+--------------+-------------------+------------+------+--------------+-----------------------------------------------------------------------------------------+--------------+
; Compilation Hierarchy Node                ; LC Combinationals ; LC Registers ; Block Memory Bits ; DSP Blocks ; Pins ; Virtual Pins ; Full Hierarchy Name                                                                     ; Library Name ;
+-------------------------------------------+-------------------+--------------+-------------------+------------+------+--------------+-----------------------------------------------------------------------------------------+--------------+
; |Lab5                                     ; 9 (0)             ; 0 (0)        ; 0                 ; 0          ; 25   ; 0            ; |Lab5                                                                                   ; work         ;
;    |my_megafunction:inst|                 ; 9 (0)             ; 0 (0)        ; 0                 ; 0          ; 0    ; 0            ; |Lab5|my_megafunction:inst                                                              ; work         ;
;       |lpm_add_sub:lpm_add_sub_component| ; 9 (0)             ; 0 (0)        ; 0                 ; 0          ; 0    ; 0            ; |Lab5|my_megafunction:inst|lpm_add_sub:lpm_add_sub_component                            ; work         ;
;          |add_sub_ffg:auto_generated|     ; 9 (9)             ; 0 (0)        ; 0                 ; 0          ; 0    ; 0            ; |Lab5|my_megafunction:inst|lpm_add_sub:lpm_add_sub_component|add_sub_ffg:auto_generated ; work         ;
+-------------------------------------------+-------------------+--------------+-------------------+------------+------+--------------+-----------------------------------------------------------------------------------------+--------------+
Note: For table entries with two numbers listed, the numbers in parentheses indicate the number of resources of the given type used by the specific entity alone. The numbers listed outside of parentheses indicate the total resources of the given type used by the specific entity and all of its sub-entities in the hierarchy.


+------------------------------------------------------+
; General Register Statistics                          ;
+----------------------------------------------+-------+
; Statistic                                    ; Value ;
+----------------------------------------------+-------+
; Total registers                              ; 0     ;
; Number of registers using Synchronous Clear  ; 0     ;
; Number of registers using Synchronous Load   ; 0     ;
; Number of registers using Asynchronous Clear ; 0     ;
; Number of registers using Asynchronous Load  ; 0     ;
; Number of registers using Clock Enable       ; 0     ;
; Number of registers using Preset             ; 0     ;
+----------------------------------------------+-------+


+-----------------------------------------------------------------------------------------------------+
; Parameter Settings for User Entity Instance: my_megafunction:inst|lpm_add_sub:lpm_add_sub_component ;
+------------------------+-------------+--------------------------------------------------------------+
; Parameter Name         ; Value       ; Type                                                         ;
+------------------------+-------------+--------------------------------------------------------------+
; LPM_WIDTH              ; 8           ; Untyped                                                      ;
; LPM_REPRESENTATION     ; UNSIGNED    ; Untyped                                                      ;
; LPM_DIRECTION          ; DEFAULT     ; Untyped                                                      ;
; ONE_INPUT_IS_CONSTANT  ; NO          ; Untyped                                                      ;
; LPM_PIPELINE           ; 0           ; Untyped                                                      ;
; MAXIMIZE_SPEED         ; 5           ; Untyped                                                      ;
; REGISTERED_AT_END      ; 0           ; Untyped                                                      ;
; OPTIMIZE_FOR_SPEED     ; 5           ; Untyped                                                      ;
; USE_CS_BUFFERS         ; 1           ; Untyped                                                      ;
; CARRY_CHAIN            ; MANUAL      ; Untyped                                                      ;
; CARRY_CHAIN_LENGTH     ; 48          ; CARRY_CHAIN_LENGTH                                           ;
; DEVICE_FAMILY          ; Cyclone V   ; Untyped                                                      ;
; USE_WYS                ; OFF         ; Untyped                                                      ;
; STYLE                  ; FAST        ; Untyped                                                      ;
; CBXI_PARAMETER         ; add_sub_ffg ; Untyped                                                      ;
; AUTO_CARRY_CHAINS      ; ON          ; AUTO_CARRY                                                   ;
; IGNORE_CARRY_BUFFERS   ; OFF         ; IGNORE_CARRY                                                 ;
; AUTO_CASCADE_CHAINS    ; ON          ; AUTO_CASCADE                                                 ;
; IGNORE_CASCADE_BUFFERS ; OFF         ; IGNORE_CASCADE                                               ;
+------------------------+-------------+--------------------------------------------------------------+
Note: In order to hide this table in the UI and the text report file, please set the "Show Parameter Settings in Synthesis Report" option in "Analysis and Synthesis Settings -> More Settings" to "Off".


+-----------------------------------------------------+
; Post-Synthesis Netlist Statistics for Top Partition ;
+-----------------------+-----------------------------+
; Type                  ; Count                       ;
+-----------------------+-----------------------------+
; arriav_lcell_comb     ; 9                           ;
;     arith             ; 9                           ;
;         1 data inputs ; 1                           ;
;         3 data inputs ; 8                           ;
; boundary_port         ; 25                          ;
;                       ;                             ;
; Max LUT depth         ; 1.80                        ;
; Average LUT depth     ; 1.50                        ;
+-----------------------+-----------------------------+


+-------------------------------+
; Elapsed Time Per Partition    ;
+----------------+--------------+
; Partition Name ; Elapsed Time ;
+----------------+--------------+
; Top            ; 00:00:00     ;
+----------------+--------------+


+-------------------------------+
; Analysis & Synthesis Messages ;
+-------------------------------+
Info: *******************************************************************
Info: Running Quartus II 64-Bit Analysis & Synthesis
    Info: Version 15.0.2 Build 153 07/15/2015 SJ Web Edition
    Info: Processing started: Wed Oct 28 09:16:52 2015
Info: Command: quartus_map --read_settings_files=on --write_settings_files=off Lab5 -c Lab5
Info (20034): Auto device selection is not supported for Cyclone V device family. The default device, 5CGXFC7C7F23C8, is set.
Info (20030): Parallel compilation is enabled and will use 2 of the 2 processors detected
Info (12021): Found 1 design units, including 1 entities, in source file my_megafunction.tdf
    Info (12023): Found entity 1: my_megafunction
Info (12021): Found 1 design units, including 1 entities, in source file lab5.bdf
    Info (12023): Found entity 1: Lab5
Info (12127): Elaborating entity "Lab5" for the top level hierarchy
Info (12128): Elaborating entity "my_megafunction" for hierarchy "my_megafunction:inst"
Info (12128): Elaborating entity "lpm_add_sub" for hierarchy "my_megafunction:inst|lpm_add_sub:lpm_add_sub_component"
Info (12130): Elaborated megafunction instantiation "my_megafunction:inst|lpm_add_sub:lpm_add_sub_component"
Info (12133): Instantiated megafunction "my_megafunction:inst|lpm_add_sub:lpm_add_sub_component" with the following parameter:
    Info (12134): Parameter "LPM_TYPE" = "LPM_ADD_SUB"
    Info (12134): Parameter "LPM_HINT" = "ONE_INPUT_IS_CONSTANT=NO,CIN_USED=NO"
    Info (12134): Parameter "LPM_WIDTH" = "8"
    Info (12134): Parameter "LPM_REPRESENTATION" = "UNSIGNED"
    Info (12134): Parameter "LPM_DIRECTION" = "UNUSED"
Info (12021): Found 1 design units, including 1 entities, in source file db/add_sub_ffg.tdf
    Info (12023): Found entity 1: add_sub_ffg
Info (12128): Elaborating entity "add_sub_ffg" for hierarchy "my_megafunction:inst|lpm_add_sub:lpm_add_sub_component|add_sub_ffg:auto_generated"
Info (16010): Generating hard_block partition "hard_block:auto_generated_inst"
    Info (16011): Adding 0 node(s), including 0 DDIO, 0 PLL, 0 transceiver and 0 LCELL
Info (21057): Implemented 34 device resources after synthesis - the final resource count might be different
    Info (21058): Implemented 17 input pins
    Info (21059): Implemented 8 output pins
    Info (21061): Implemented 9 logic cells
Info: Quartus II 64-Bit Analysis & Synthesis was successful. 0 errors, 0 warnings
    Info: Peak virtual memory: 715 megabytes
    Info: Processing ended: Wed Oct 28 09:17:53 2015
    Info: Elapsed time: 00:01:01
    Info: Total CPU time (on all processors): 00:00:54


